Build started 11/15/2017 11:33:52 PM.
     1>Project "E:\visualStudio\sdp\armqnov\DynamicArr\DynamicArr\DynamicArr.vcxproj" on node 2 (Build target(s)).
     1>ClCompile:
         C:\Program Files (x86)\Microsoft Visual Studio 12.0\VC\bin\CL.exe /c /ZI /nologo /W3 /WX- /Od /Oy- /D WIN32 /D _DEBUG /D _CONSOLE /D _LIB /D _UNICODE /D UNICODE /Gm /EHsc /RTC1 /MDd /GS /fp:precise /Zc:wchar_t /Zc:forScope /Fo"Debug\\" /Fd"Debug\vc120.pdb" /Gd /TP /analyze- /errorReport:prompt main.cpp
         main.cpp
     1>e:\visualstudio\sdp\armqnov\dynamicarr\dynamicarr\dynamicarr.h(61): warning C4018: '>=' : signed/unsigned mismatch
                 e:\visualstudio\sdp\armqnov\dynamicarr\dynamicarr\dynamicarr.h(59) : while compiling class template member function 'void DynamicArr<int>::insert(size_t,const T &)'
                 with
                 [
                     T=int
                 ]
                 e:\visualstudio\sdp\armqnov\dynamicarr\dynamicarr\main.cpp(20) : see reference to function template instantiation 'void DynamicArr<int>::insert(size_t,const T &)' being compiled
                 with
                 [
                     T=int
                 ]
                 e:\visualstudio\sdp\armqnov\dynamicarr\dynamicarr\main.cpp(8) : see reference to class template instantiation 'DynamicArr<int>' being compiled
     1>e:\visualstudio\sdp\armqnov\dynamicarr\dynamicarr\dynamicarr.h(72): warning C4018: '<' : signed/unsigned mismatch
                 e:\visualstudio\sdp\armqnov\dynamicarr\dynamicarr\dynamicarr.h(69) : while compiling class template member function 'void DynamicArr<int>::remove(size_t)'
                 e:\visualstudio\sdp\armqnov\dynamicarr\dynamicarr\main.cpp(17) : see reference to function template instantiation 'void DynamicArr<int>::remove(size_t)' being compiled
     1>e:\visualstudio\sdp\armqnov\dynamicarr\dynamicarr\dynamicarr.h(81): warning C4018: '<' : signed/unsigned mismatch
                 e:\visualstudio\sdp\armqnov\dynamicarr\dynamicarr\dynamicarr.h(80) : while compiling class template member function 'int DynamicArr<int>::find(const T &)'
                 with
                 [
                     T=int
                 ]
                 e:\visualstudio\sdp\armqnov\dynamicarr\dynamicarr\main.cpp(15) : see reference to function template instantiation 'int DynamicArr<int>::find(const T &)' being compiled
                 with
                 [
                     T=int
                 ]
     1>e:\visualstudio\sdp\armqnov\dynamicarr\dynamicarr\dynamicarr.h(124): warning C4018: '<' : signed/unsigned mismatch
                 e:\visualstudio\sdp\armqnov\dynamicarr\dynamicarr\dynamicarr.h(122) : while compiling class template member function 'void DynamicArr<int>::resize(size_t)'
                 e:\visualstudio\sdp\armqnov\dynamicarr\dynamicarr\dynamicarr.h(137) : see reference to function template instantiation 'void DynamicArr<int>::resize(size_t)' being compiled
       Link:
         C:\Program Files (x86)\Microsoft Visual Studio 12.0\VC\bin\link.exe /ERRORREPORT:PROMPT /OUT:"E:\visualStudio\sdp\armqnov\DynamicArr\Debug\DynamicArr.exe" /INCREMENTAL /NOLOGO kernel32.lib user32.lib gdi32.lib winspool.lib comdlg32.lib advapi32.lib shell32.lib ole32.lib oleaut32.lib uuid.lib odbc32.lib odbccp32.lib /MANIFEST /MANIFESTUAC:"level='asInvoker' uiAccess='false'" /manifest:embed /DEBUG /PDB:"E:\visualStudio\sdp\armqnov\DynamicArr\Debug\DynamicArr.pdb" /SUBSYSTEM:CONSOLE /TLBID:1 /DYNAMICBASE /NXCOMPAT /IMPLIB:"E:\visualStudio\sdp\armqnov\DynamicArr\Debug\DynamicArr.lib" /MACHINE:X86 Debug\main.obj
         DynamicArr.vcxproj -> E:\visualStudio\sdp\armqnov\DynamicArr\Debug\DynamicArr.exe
     1>Done Building Project "E:\visualStudio\sdp\armqnov\DynamicArr\DynamicArr\DynamicArr.vcxproj" (Build target(s)).

Build succeeded.

Time Elapsed 00:00:00.62
